<?xml version="1.0" encoding="UTF-8"?>
<!-- Generated by org.testng.reporters.JUnitXMLReporter -->
<testsuite ignored="1" hostname="AyaModdakir" failures="1" tests="1" name="Surefire test" time="3.192" errors="0" timestamp="2025-05-18T15:41:13 EEST">
  <testcase classname="com.moddakir.TestCases" name="testSuccessfulRegistration" time="3.078">
    <failure type="java.lang.AssertionError" message="expected [200] but found [500]">
      <![CDATA[java.lang.AssertionError: expected [200] but found [500]
at com.moddakir.TestCases.testSuccessfulRegistration(TestCases.java:43)
at java.base/java.util.ArrayList.forEach(ArrayList.java:1604)
... Removed 37 stack frames]]>
    </failure>
  </testcase> <!-- testSuccessfulRegistration -->
  <testcase classname="com.moddakir.TestCases" name="test" time="0.0">
    <ignored/>
  </testcase> <!-- test -->
</testsuite> <!-- Surefire test -->
